


Processing ApplicationController#index (for 127.0.0.1 at 2011-01-07 18:55:24) [GET]

ActionController::RoutingError (No route matches "/hello" with {:method=>:get}):
  

Rendering rescues/layout (not_found)


Processing JsonController#index (for 127.0.0.1 at 2011-01-07 18:55:31) [GET]
Rendering json/index
Completed in 7ms (View: 5, DB: 0) | 200 OK [http://localhost/json]


Processing ApplicationController#index (for 127.0.0.1 at 2011-01-07 19:09:46) [GET]

ActionController::RoutingError (No route matches "/favicon.ico" with {:method=>:get}):
  

Rendering rescues/layout (not_found)


Processing ApplicationController#index (for 127.0.0.1 at 2011-01-07 19:11:12) [GET]

ActionController::RoutingError (No route matches "/favicon.ico" with {:method=>:get}):
  

Rendering rescues/layout (not_found)


Processing ApplicationController#index (for 127.0.0.1 at 2011-01-07 19:11:23) [GET]

ActionController::RoutingError (No route matches "/favicon.ico" with {:method=>:get}):
  

Rendering rescues/layout (not_found)


Processing ApplicationController#index (for 127.0.0.1 at 2011-01-07 19:11:35) [GET]

ActionController::RoutingError (No route matches "/favicon.ico" with {:method=>:get}):
  

Rendering rescues/layout (not_found)


Processing ApplicationController#index (for 127.0.0.1 at 2011-01-07 19:12:19) [GET]

ActionController::RoutingError (No route matches "/favicon.ico" with {:method=>:get}):
  

Rendering rescues/layout (not_found)


Processing ApplicationController#index (for 127.0.0.1 at 2011-01-07 19:12:30) [GET]

ActionController::RoutingError (No route matches "/favicon.ico" with {:method=>:get}):
  

Rendering rescues/layout (not_found)


Processing ApplicationController#index (for 127.0.0.1 at 2011-01-07 19:12:39) [GET]

ActionController::RoutingError (No route matches "/favicon.ico" with {:method=>:get}):
  

Rendering rescues/layout (not_found)


Processing ApplicationController#index (for 127.0.0.1 at 2011-01-07 19:12:51) [GET]

ActionController::RoutingError (No route matches "/favicon.ico" with {:method=>:get}):
  

Rendering rescues/layout (not_found)


Processing ApplicationController#index (for 127.0.0.1 at 2011-01-07 19:13:02) [GET]

ActionController::RoutingError (No route matches "/favicon.ico" with {:method=>:get}):
  

Rendering rescues/layout (not_found)


Processing ApplicationController#index (for 127.0.0.1 at 2011-01-07 19:13:10) [GET]

ActionController::RoutingError (No route matches "/favicon.ico" with {:method=>:get}):
  

Rendering rescues/layout (not_found)


Processing ApplicationController#index (for 127.0.0.1 at 2011-01-07 19:13:40) [GET]

ActionController::RoutingError (No route matches "/favicon.ico" with {:method=>:get}):
  

Rendering rescues/layout (not_found)


Processing ApplicationController#index (for 127.0.0.1 at 2011-01-07 19:13:54) [GET]

ActionController::RoutingError (No route matches "/favicon.ico" with {:method=>:get}):
  

Rendering rescues/layout (not_found)


Processing ApplicationController#index (for 127.0.0.1 at 2011-01-07 19:14:05) [GET]

ActionController::RoutingError (No route matches "/favicon.ico" with {:method=>:get}):
  

Rendering rescues/layout (not_found)


Processing ApplicationController#index (for 127.0.0.1 at 2011-01-07 19:14:28) [GET]

ActionController::RoutingError (No route matches "/favicon.ico" with {:method=>:get}):
  

Rendering rescues/layout (not_found)


Processing ApplicationController#index (for 127.0.0.1 at 2011-01-07 19:14:41) [GET]

ActionController::RoutingError (No route matches "/favicon.ico" with {:method=>:get}):
  

Rendering rescues/layout (not_found)


Processing ApplicationController#index (for 127.0.0.1 at 2011-01-07 19:15:00) [GET]

ActionController::RoutingError (No route matches "/favicon.ico" with {:method=>:get}):
  

Rendering rescues/layout (not_found)


Processing ApplicationController#index (for 127.0.0.1 at 2011-01-07 19:15:37) [GET]

ActionController::RoutingError (No route matches "/favicon.ico" with {:method=>:get}):
  

Rendering rescues/layout (not_found)


Processing ApplicationController#index (for 127.0.0.1 at 2011-01-07 19:16:14) [GET]

ActionController::RoutingError (No route matches "/favicon.ico" with {:method=>:get}):
  

Rendering rescues/layout (not_found)


Processing ApplicationController#index (for 127.0.0.1 at 2011-01-07 19:17:01) [GET]

ActionController::RoutingError (No route matches "/favicon.ico" with {:method=>:get}):
  

Rendering rescues/layout (not_found)


Processing ApplicationController#index (for 127.0.0.1 at 2011-01-07 19:17:18) [GET]

ActionController::RoutingError (No route matches "/favicon.ico" with {:method=>:get}):
  

Rendering rescues/layout (not_found)


Processing ApplicationController#index (for 127.0.0.1 at 2011-01-07 19:18:09) [GET]

ActionController::RoutingError (No route matches "/favicon.ico" with {:method=>:get}):
  

Rendering rescues/layout (not_found)


Processing ApplicationController#index (for 127.0.0.1 at 2011-01-07 19:18:24) [GET]

ActionController::RoutingError (No route matches "/favicon.ico" with {:method=>:get}):
  

Rendering rescues/layout (not_found)


Processing ApplicationController#index (for 127.0.0.1 at 2011-01-07 19:18:42) [GET]

ActionController::RoutingError (No route matches "/favicon.ico" with {:method=>:get}):
  

Rendering rescues/layout (not_found)


Processing ApplicationController#index (for 127.0.0.1 at 2011-01-07 19:18:44) [GET]

ActionController::RoutingError (No route matches "/favicon.ico" with {:method=>:get}):
  

Rendering rescues/layout (not_found)


Processing ApplicationController#index (for 127.0.0.1 at 2011-01-07 19:18:52) [GET]

ActionController::RoutingError (No route matches "/favicon.ico" with {:method=>:get}):
  

Rendering rescues/layout (not_found)


Processing ApplicationController#index (for 127.0.0.1 at 2011-01-07 19:19:25) [GET]

ActionController::RoutingError (No route matches "/favicon.ico" with {:method=>:get}):
  

Rendering rescues/layout (not_found)


Processing ApplicationController#index (for 127.0.0.1 at 2011-01-07 19:19:45) [GET]

ActionController::RoutingError (No route matches "/favicon.ico" with {:method=>:get}):
  

Rendering rescues/layout (not_found)


Processing ApplicationController#index (for 127.0.0.1 at 2011-01-07 19:19:55) [GET]

ActionController::RoutingError (No route matches "/favicon.ico" with {:method=>:get}):
  

Rendering rescues/layout (not_found)


Processing ApplicationController#index (for 127.0.0.1 at 2011-01-07 19:20:05) [GET]

ActionController::RoutingError (No route matches "/favicon.ico" with {:method=>:get}):
  

Rendering rescues/layout (not_found)


Processing ApplicationController#index (for 127.0.0.1 at 2011-01-07 19:20:28) [GET]

ActionController::RoutingError (No route matches "/favicon.ico" with {:method=>:get}):
  

Rendering rescues/layout (not_found)


Processing ApplicationController#index (for 127.0.0.1 at 2011-01-07 19:20:58) [GET]

ActionController::RoutingError (No route matches "/favicon.ico" with {:method=>:get}):
  

Rendering rescues/layout (not_found)


Processing ApplicationController#index (for 127.0.0.1 at 2011-01-07 19:21:12) [GET]

ActionController::RoutingError (No route matches "/favicon.ico" with {:method=>:get}):
  

Rendering rescues/layout (not_found)


Processing ApplicationController#index (for 127.0.0.1 at 2011-01-07 19:21:14) [GET]

ActionController::RoutingError (No route matches "/favicon.ico" with {:method=>:get}):
  

Rendering rescues/layout (not_found)


Processing ApplicationController#index (for 127.0.0.1 at 2011-01-07 19:21:20) [GET]

ActionController::RoutingError (No route matches "/favicon.ico" with {:method=>:get}):
  

Rendering rescues/layout (not_found)


Processing ApplicationController#index (for 127.0.0.1 at 2011-01-07 19:21:51) [GET]

ActionController::RoutingError (No route matches "/favicon.ico" with {:method=>:get}):
  

Rendering rescues/layout (not_found)


Processing ApplicationController#index (for 127.0.0.1 at 2011-01-07 19:21:58) [GET]

ActionController::RoutingError (No route matches "/favicon.ico" with {:method=>:get}):
  

Rendering rescues/layout (not_found)


Processing ApplicationController#index (for 127.0.0.1 at 2011-01-07 19:22:16) [GET]

ActionController::RoutingError (No route matches "/favicon.ico" with {:method=>:get}):
  

Rendering rescues/layout (not_found)


Processing ApplicationController#index (for 127.0.0.1 at 2011-01-07 19:22:22) [GET]

ActionController::RoutingError (No route matches "/favicon.ico" with {:method=>:get}):
  

Rendering rescues/layout (not_found)


Processing ApplicationController#index (for 127.0.0.1 at 2011-01-07 19:24:46) [GET]

ActionController::RoutingError (No route matches "/favicon.ico" with {:method=>:get}):
  

Rendering rescues/layout (not_found)


Processing ApplicationController#index (for 127.0.0.1 at 2011-01-07 19:25:05) [GET]

ActionController::RoutingError (No route matches "/favicon.ico" with {:method=>:get}):
  

Rendering rescues/layout (not_found)


Processing ApplicationController#index (for 127.0.0.1 at 2011-01-07 19:25:16) [GET]

ActionController::RoutingError (No route matches "/favicon.ico" with {:method=>:get}):
  

Rendering rescues/layout (not_found)


Processing ApplicationController#index (for 127.0.0.1 at 2011-01-07 19:25:53) [GET]

ActionController::RoutingError (No route matches "/favicon.ico" with {:method=>:get}):
  

Rendering rescues/layout (not_found)


Processing ApplicationController#index (for 127.0.0.1 at 2011-01-07 19:26:01) [GET]

ActionController::RoutingError (No route matches "/favicon.ico" with {:method=>:get}):
  

Rendering rescues/layout (not_found)


Processing ApplicationController#index (for 127.0.0.1 at 2011-01-07 19:26:22) [GET]

ActionController::RoutingError (No route matches "/favicon.ico" with {:method=>:get}):
  

Rendering rescues/layout (not_found)


Processing ApplicationController#index (for 127.0.0.1 at 2011-01-07 19:28:06) [GET]

ActionController::RoutingError (No route matches "/favicon.ico" with {:method=>:get}):
  

Rendering rescues/layout (not_found)


Processing ApplicationController#index (for 127.0.0.1 at 2011-01-07 19:28:17) [GET]

ActionController::RoutingError (No route matches "/favicon.ico" with {:method=>:get}):
  

Rendering rescues/layout (not_found)


Processing ApplicationController#index (for 127.0.0.1 at 2011-01-07 19:29:51) [GET]

ActionController::RoutingError (No route matches "/favicon.ico" with {:method=>:get}):
  

Rendering rescues/layout (not_found)


Processing ApplicationController#index (for 127.0.0.1 at 2011-01-07 19:30:00) [GET]

ActionController::RoutingError (No route matches "/favicon.ico" with {:method=>:get}):
  

Rendering rescues/layout (not_found)


Processing ApplicationController#index (for 127.0.0.1 at 2011-01-07 19:30:11) [GET]

ActionController::RoutingError (No route matches "/favicon.ico" with {:method=>:get}):
  

Rendering rescues/layout (not_found)


Processing ApplicationController#index (for 127.0.0.1 at 2011-01-07 19:30:19) [GET]

ActionController::RoutingError (No route matches "/favicon.ico" with {:method=>:get}):
  

Rendering rescues/layout (not_found)


Processing ApplicationController#index (for 127.0.0.1 at 2011-01-07 19:30:35) [GET]

ActionController::RoutingError (No route matches "/favicon.ico" with {:method=>:get}):
  

Rendering rescues/layout (not_found)


Processing ApplicationController#index (for 127.0.0.1 at 2011-01-07 19:31:26) [GET]

ActionController::RoutingError (No route matches "/favicon.ico" with {:method=>:get}):
  

Rendering rescues/layout (not_found)


Processing ApplicationController#index (for 127.0.0.1 at 2011-01-07 19:31:33) [GET]

ActionController::RoutingError (No route matches "/favicon.ico" with {:method=>:get}):
  

Rendering rescues/layout (not_found)


Processing ApplicationController#index (for 127.0.0.1 at 2011-01-07 19:32:34) [GET]

ActionController::RoutingError (No route matches "/favicon.ico" with {:method=>:get}):
  

Rendering rescues/layout (not_found)


Processing ApplicationController#index (for 127.0.0.1 at 2011-01-07 19:32:54) [GET]

ActionController::RoutingError (No route matches "/favicon.ico" with {:method=>:get}):
  

Rendering rescues/layout (not_found)


Processing ApplicationController#index (for 127.0.0.1 at 2011-01-07 19:35:15) [GET]

ActionController::RoutingError (No route matches "/favicon.ico" with {:method=>:get}):
  

Rendering rescues/layout (not_found)


Processing ApplicationController#index (for 127.0.0.1 at 2011-01-07 19:35:24) [GET]

ActionController::RoutingError (No route matches "/favicon.ico" with {:method=>:get}):
  

Rendering rescues/layout (not_found)


Processing ApplicationController#index (for 127.0.0.1 at 2011-01-07 19:36:53) [GET]

ActionController::RoutingError (No route matches "/favicon.ico" with {:method=>:get}):
  

Rendering rescues/layout (not_found)


Processing ApplicationController#index (for 127.0.0.1 at 2011-01-07 19:37:01) [GET]

ActionController::RoutingError (No route matches "/favicon.ico" with {:method=>:get}):
  

Rendering rescues/layout (not_found)


Processing ApplicationController#index (for 127.0.0.1 at 2011-01-07 19:38:22) [GET]

ActionController::RoutingError (No route matches "/favicon.ico" with {:method=>:get}):
  

Rendering rescues/layout (not_found)


Processing ApplicationController#index (for 127.0.0.1 at 2011-01-07 19:40:55) [GET]

ActionController::RoutingError (No route matches "/favicon.ico" with {:method=>:get}):
  

Rendering rescues/layout (not_found)


Processing ApplicationController#index (for 127.0.0.1 at 2011-01-07 19:41:00) [GET]

ActionController::RoutingError (No route matches "/favicon.ico" with {:method=>:get}):
  

Rendering rescues/layout (not_found)


Processing ApplicationController#index (for 127.0.0.1 at 2011-01-07 19:41:19) [GET]

ActionController::RoutingError (No route matches "/favicon.ico" with {:method=>:get}):
  

Rendering rescues/layout (not_found)


Processing ApplicationController#index (for 127.0.0.1 at 2011-01-07 19:41:21) [GET]

ActionController::RoutingError (No route matches "/favicon.ico" with {:method=>:get}):
  

Rendering rescues/layout (not_found)


Processing ApplicationController#index (for 127.0.0.1 at 2011-01-07 19:41:23) [GET]

ActionController::RoutingError (No route matches "/favicon.ico" with {:method=>:get}):
  

Rendering rescues/layout (not_found)


Processing ApplicationController#index (for 127.0.0.1 at 2011-01-07 19:41:35) [GET]

ActionController::RoutingError (No route matches "/favicon.ico" with {:method=>:get}):
  

Rendering rescues/layout (not_found)


Processing ApplicationController#index (for 127.0.0.1 at 2011-01-07 19:41:37) [GET]

ActionController::RoutingError (No route matches "/favicon.ico" with {:method=>:get}):
  

Rendering rescues/layout (not_found)


Processing ApplicationController#index (for 127.0.0.1 at 2011-01-07 19:45:29) [GET]

ActionController::RoutingError (No route matches "/favicon.ico" with {:method=>:get}):
  

Rendering rescues/layout (not_found)


Processing ApplicationController#index (for 127.0.0.1 at 2011-01-07 19:45:32) [GET]

ActionController::RoutingError (No route matches "/favicon.ico" with {:method=>:get}):
  

Rendering rescues/layout (not_found)


Processing ApplicationController#index (for 127.0.0.1 at 2011-01-07 19:45:35) [GET]

ActionController::RoutingError (No route matches "/favicon.ico" with {:method=>:get}):
  

Rendering rescues/layout (not_found)


Processing ApplicationController#index (for 127.0.0.1 at 2011-01-07 19:46:24) [GET]

ActionController::RoutingError (No route matches "/favicon.ico" with {:method=>:get}):
  

Rendering rescues/layout (not_found)


Processing ApplicationController#index (for 127.0.0.1 at 2011-01-07 19:46:26) [GET]

ActionController::RoutingError (No route matches "/write(w)" with {:method=>:get}):
  

Rendering rescues/layout (not_found)


Processing ApplicationController#index (for 127.0.0.1 at 2011-01-07 19:46:26) [GET]

ActionController::RoutingError (No route matches "/favicon.ico" with {:method=>:get}):
  

Rendering rescues/layout (not_found)


Processing ApplicationController#index (for 127.0.0.1 at 2011-01-07 19:46:27) [GET]

ActionController::RoutingError (No route matches "/favicon.ico" with {:method=>:get}):
  

Rendering rescues/layout (not_found)


Processing ApplicationController#index (for 127.0.0.1 at 2011-01-07 19:46:49) [GET]

ActionController::RoutingError (No route matches "/favicon.ico" with {:method=>:get}):
  

Rendering rescues/layout (not_found)


Processing ApplicationController#index (for 127.0.0.1 at 2011-01-07 19:46:51) [GET]

ActionController::RoutingError (No route matches "/favicon.ico" with {:method=>:get}):
  

Rendering rescues/layout (not_found)


Processing ApplicationController#index (for 127.0.0.1 at 2011-01-07 19:47:23) [GET]

ActionController::RoutingError (No route matches "/favicon.ico" with {:method=>:get}):
  

Rendering rescues/layout (not_found)


Processing ApplicationController#index (for 127.0.0.1 at 2011-01-07 19:47:26) [GET]

ActionController::RoutingError (No route matches "/favicon.ico" with {:method=>:get}):
  

Rendering rescues/layout (not_found)


Processing ApplicationController#index (for 127.0.0.1 at 2011-01-07 19:47:27) [GET]

ActionController::RoutingError (No route matches "/favicon.ico" with {:method=>:get}):
  

Rendering rescues/layout (not_found)


Processing ApplicationController#index (for 127.0.0.1 at 2011-01-07 19:47:30) [GET]

ActionController::RoutingError (No route matches "/favicon.ico" with {:method=>:get}):
  

Rendering rescues/layout (not_found)


Processing ApplicationController#index (for 127.0.0.1 at 2011-01-07 19:47:31) [GET]

ActionController::RoutingError (No route matches "/favicon.ico" with {:method=>:get}):
  

Rendering rescues/layout (not_found)


Processing ApplicationController#index (for 127.0.0.1 at 2011-01-07 19:47:38) [GET]

ActionController::RoutingError (No route matches "/favicon.ico" with {:method=>:get}):
  

Rendering rescues/layout (not_found)


Processing ApplicationController#index (for 127.0.0.1 at 2011-01-07 19:47:53) [GET]

ActionController::RoutingError (No route matches "/favicon.ico" with {:method=>:get}):
  

Rendering rescues/layout (not_found)


Processing ApplicationController#index (for 127.0.0.1 at 2011-01-07 19:47:55) [GET]

ActionController::RoutingError (No route matches "/favicon.ico" with {:method=>:get}):
  

Rendering rescues/layout (not_found)


Processing ApplicationController#index (for 127.0.0.1 at 2011-01-07 19:47:57) [GET]

ActionController::RoutingError (No route matches "/favicon.ico" with {:method=>:get}):
  

Rendering rescues/layout (not_found)


Processing ApplicationController#index (for 127.0.0.1 at 2011-01-07 19:48:45) [GET]

ActionController::RoutingError (No route matches "/favicon.ico" with {:method=>:get}):
  

Rendering rescues/layout (not_found)


Processing ApplicationController#index (for 127.0.0.1 at 2011-01-07 19:48:48) [GET]

ActionController::RoutingError (No route matches "/favicon.ico" with {:method=>:get}):
  

Rendering rescues/layout (not_found)


Processing ApplicationController#index (for 127.0.0.1 at 2011-01-07 19:49:08) [GET]

ActionController::RoutingError (No route matches "/favicon.ico" with {:method=>:get}):
  

Rendering rescues/layout (not_found)


Processing ApplicationController#index (for 127.0.0.1 at 2011-01-07 19:49:10) [GET]

ActionController::RoutingError (No route matches "/favicon.ico" with {:method=>:get}):
  

Rendering rescues/layout (not_found)


Processing ApplicationController#index (for 127.0.0.1 at 2011-01-07 19:49:20) [GET]

ActionController::RoutingError (No route matches "/favicon.ico" with {:method=>:get}):
  

Rendering rescues/layout (not_found)


Processing ApplicationController#index (for 127.0.0.1 at 2011-01-07 19:49:47) [GET]

ActionController::RoutingError (No route matches "/favicon.ico" with {:method=>:get}):
  

Rendering rescues/layout (not_found)


Processing ApplicationController#index (for 127.0.0.1 at 2011-01-07 19:49:50) [GET]

ActionController::RoutingError (No route matches "/favicon.ico" with {:method=>:get}):
  

Rendering rescues/layout (not_found)


Processing ApplicationController#index (for 127.0.0.1 at 2011-01-07 19:49:51) [GET]

ActionController::RoutingError (No route matches "/favicon.ico" with {:method=>:get}):
  

Rendering rescues/layout (not_found)


Processing ApplicationController#index (for 127.0.0.1 at 2011-01-07 19:49:52) [GET]

ActionController::RoutingError (No route matches "/favicon.ico" with {:method=>:get}):
  

Rendering rescues/layout (not_found)


Processing ApplicationController#index (for 127.0.0.1 at 2011-01-07 19:49:52) [GET]

ActionController::RoutingError (No route matches "/favicon.ico" with {:method=>:get}):
  

Rendering rescues/layout (not_found)


Processing ApplicationController#index (for 127.0.0.1 at 2011-01-07 19:49:55) [GET]

ActionController::RoutingError (No route matches "/favicon.ico" with {:method=>:get}):
  

Rendering rescues/layout (not_found)


Processing ApplicationController#index (for 127.0.0.1 at 2011-01-07 19:49:57) [GET]

ActionController::RoutingError (No route matches "/favicon.ico" with {:method=>:get}):
  

Rendering rescues/layout (not_found)


Processing ApplicationController#index (for 127.0.0.1 at 2011-01-07 19:49:58) [GET]

ActionController::RoutingError (No route matches "/favicon.ico" with {:method=>:get}):
  

Rendering rescues/layout (not_found)


Processing ApplicationController#index (for 127.0.0.1 at 2011-01-07 19:50:16) [GET]

ActionController::RoutingError (No route matches "/favicon.ico" with {:method=>:get}):
  

Rendering rescues/layout (not_found)


Processing ApplicationController#index (for 127.0.0.1 at 2011-01-07 19:50:18) [GET]

ActionController::RoutingError (No route matches "/favicon.ico" with {:method=>:get}):
  

Rendering rescues/layout (not_found)


Processing ApplicationController#index (for 127.0.0.1 at 2011-01-07 19:50:58) [GET]

ActionController::RoutingError (No route matches "/favicon.ico" with {:method=>:get}):
  

Rendering rescues/layout (not_found)


Processing ApplicationController#index (for 127.0.0.1 at 2011-01-07 19:50:59) [GET]

ActionController::RoutingError (No route matches "/favicon.ico" with {:method=>:get}):
  

Rendering rescues/layout (not_found)


Processing ApplicationController#index (for 127.0.0.1 at 2011-01-07 19:51:02) [GET]

ActionController::RoutingError (No route matches "/favicon.ico" with {:method=>:get}):
  

Rendering rescues/layout (not_found)


Processing ApplicationController#index (for 127.0.0.1 at 2011-01-07 19:54:57) [GET]

ActionController::RoutingError (No route matches "/favicon.ico" with {:method=>:get}):
  

Rendering rescues/layout (not_found)


Processing ApplicationController#index (for 127.0.0.1 at 2011-01-07 19:54:59) [GET]

ActionController::RoutingError (No route matches "/favicon.ico" with {:method=>:get}):
  

Rendering rescues/layout (not_found)


Processing ApplicationController#index (for 127.0.0.1 at 2011-01-07 19:55:28) [GET]

ActionController::RoutingError (No route matches "/favicon.ico" with {:method=>:get}):
  

Rendering rescues/layout (not_found)


Processing ApplicationController#index (for 127.0.0.1 at 2011-01-07 19:55:31) [GET]

ActionController::RoutingError (No route matches "/favicon.ico" with {:method=>:get}):
  

Rendering rescues/layout (not_found)


Processing ApplicationController#index (for 127.0.0.1 at 2011-01-07 19:55:47) [GET]

ActionController::RoutingError (No route matches "/favicon.ico" with {:method=>:get}):
  

Rendering rescues/layout (not_found)


Processing ApplicationController#index (for 127.0.0.1 at 2011-01-07 19:56:10) [GET]

ActionController::RoutingError (No route matches "/favicon.ico" with {:method=>:get}):
  

Rendering rescues/layout (not_found)


Processing ApplicationController#index (for 127.0.0.1 at 2011-01-07 19:56:12) [GET]

ActionController::RoutingError (No route matches "/favicon.ico" with {:method=>:get}):
  

Rendering rescues/layout (not_found)


Processing ApplicationController#index (for 127.0.0.1 at 2011-01-07 19:56:13) [GET]

ActionController::RoutingError (No route matches "/favicon.ico" with {:method=>:get}):
  

Rendering rescues/layout (not_found)


Processing ApplicationController#index (for 127.0.0.1 at 2011-01-07 19:56:15) [GET]

ActionController::RoutingError (No route matches "/favicon.ico" with {:method=>:get}):
  

Rendering rescues/layout (not_found)


Processing ApplicationController#index (for 127.0.0.1 at 2011-01-07 19:56:17) [GET]

ActionController::RoutingError (No route matches "/favicon.ico" with {:method=>:get}):
  

Rendering rescues/layout (not_found)


Processing ApplicationController#index (for 127.0.0.1 at 2011-01-07 19:58:44) [GET]

ActionController::RoutingError (No route matches "/favicon.ico" with {:method=>:get}):
  

Rendering rescues/layout (not_found)


Processing ApplicationController#index (for 127.0.0.1 at 2011-01-07 19:59:08) [GET]

ActionController::RoutingError (No route matches "/favicon.ico" with {:method=>:get}):
  

Rendering rescues/layout (not_found)


Processing ApplicationController#index (for 127.0.0.1 at 2011-01-07 19:59:10) [GET]

ActionController::RoutingError (No route matches "/favicon.ico" with {:method=>:get}):
  

Rendering rescues/layout (not_found)


Processing ApplicationController#index (for 127.0.0.1 at 2011-01-07 19:59:15) [GET]

ActionController::RoutingError (No route matches "/favicon.ico" with {:method=>:get}):
  

Rendering rescues/layout (not_found)


Processing ApplicationController#index (for 127.0.0.1 at 2011-01-07 19:59:52) [GET]

ActionController::RoutingError (No route matches "/favicon.ico" with {:method=>:get}):
  

Rendering rescues/layout (not_found)


Processing ApplicationController#index (for 127.0.0.1 at 2011-01-07 19:59:53) [GET]

ActionController::RoutingError (No route matches "/favicon.ico" with {:method=>:get}):
  

Rendering rescues/layout (not_found)


Processing ApplicationController#index (for 127.0.0.1 at 2011-01-07 20:00:11) [GET]

ActionController::RoutingError (No route matches "/favicon.ico" with {:method=>:get}):
  

Rendering rescues/layout (not_found)


Processing ApplicationController#index (for 127.0.0.1 at 2011-01-07 20:00:27) [GET]

ActionController::RoutingError (No route matches "/favicon.ico" with {:method=>:get}):
  

Rendering rescues/layout (not_found)


Processing ApplicationController#index (for 127.0.0.1 at 2011-01-07 20:00:31) [GET]

ActionController::RoutingError (No route matches "/favicon.ico" with {:method=>:get}):
  

Rendering rescues/layout (not_found)


Processing ApplicationController#index (for 127.0.0.1 at 2011-01-07 20:00:32) [GET]

ActionController::RoutingError (No route matches "/favicon.ico" with {:method=>:get}):
  

Rendering rescues/layout (not_found)


Processing ApplicationController#index (for 127.0.0.1 at 2011-01-07 20:00:33) [GET]

ActionController::RoutingError (No route matches "/favicon.ico" with {:method=>:get}):
  

Rendering rescues/layout (not_found)


Processing ApplicationController#index (for 127.0.0.1 at 2011-01-07 20:00:44) [GET]

ActionController::RoutingError (No route matches "/favicon.ico" with {:method=>:get}):
  

Rendering rescues/layout (not_found)


Processing ApplicationController#index (for 127.0.0.1 at 2011-01-07 20:00:45) [GET]

ActionController::RoutingError (No route matches "/favicon.ico" with {:method=>:get}):
  

Rendering rescues/layout (not_found)


Processing ApplicationController#index (for 127.0.0.1 at 2011-01-07 20:00:48) [GET]

ActionController::RoutingError (No route matches "/favicon.ico" with {:method=>:get}):
  

Rendering rescues/layout (not_found)


Processing ApplicationController#index (for 127.0.0.1 at 2011-01-07 20:02:10) [GET]

ActionController::RoutingError (No route matches "/favicon.ico" with {:method=>:get}):
  

Rendering rescues/layout (not_found)


Processing ApplicationController#index (for 127.0.0.1 at 2011-01-07 20:02:12) [GET]

ActionController::RoutingError (No route matches "/favicon.ico" with {:method=>:get}):
  

Rendering rescues/layout (not_found)


Processing ApplicationController#index (for 127.0.0.1 at 2011-01-07 20:02:14) [GET]

ActionController::RoutingError (No route matches "/favicon.ico" with {:method=>:get}):
  

Rendering rescues/layout (not_found)


Processing ApplicationController#index (for 127.0.0.1 at 2011-01-07 20:02:26) [GET]

ActionController::RoutingError (No route matches "/favicon.ico" with {:method=>:get}):
  

Rendering rescues/layout (not_found)


Processing ApplicationController#index (for 127.0.0.1 at 2011-01-07 20:04:23) [GET]

ActionController::RoutingError (No route matches "/favicon.ico" with {:method=>:get}):
  

Rendering rescues/layout (not_found)


Processing ApplicationController#index (for 127.0.0.1 at 2011-01-07 20:04:25) [GET]

ActionController::RoutingError (No route matches "/favicon.ico" with {:method=>:get}):
  

Rendering rescues/layout (not_found)


Processing ApplicationController#index (for 127.0.0.1 at 2011-01-07 20:04:29) [GET]

ActionController::RoutingError (No route matches "/favicon.ico" with {:method=>:get}):
  

Rendering rescues/layout (not_found)


Processing ApplicationController#index (for 127.0.0.1 at 2011-01-07 20:04:41) [GET]

ActionController::RoutingError (No route matches "/favicon.ico" with {:method=>:get}):
  

Rendering rescues/layout (not_found)


Processing ApplicationController#index (for 127.0.0.1 at 2011-01-07 20:04:42) [GET]

ActionController::RoutingError (No route matches "/favicon.ico" with {:method=>:get}):
  

Rendering rescues/layout (not_found)


Processing ApplicationController#index (for 127.0.0.1 at 2011-01-07 20:04:43) [GET]

ActionController::RoutingError (No route matches "/favicon.ico" with {:method=>:get}):
  

Rendering rescues/layout (not_found)


Processing ApplicationController#index (for 127.0.0.1 at 2011-01-07 20:05:20) [GET]

ActionController::RoutingError (No route matches "/favicon.ico" with {:method=>:get}):
  

Rendering rescues/layout (not_found)


Processing ApplicationController#index (for 127.0.0.1 at 2011-01-07 20:05:22) [GET]

ActionController::RoutingError (No route matches "/favicon.ico" with {:method=>:get}):
  

Rendering rescues/layout (not_found)


Processing ApplicationController#index (for 127.0.0.1 at 2011-01-07 20:05:23) [GET]

ActionController::RoutingError (No route matches "/favicon.ico" with {:method=>:get}):
  

Rendering rescues/layout (not_found)


Processing ApplicationController#index (for 127.0.0.1 at 2011-01-07 20:05:38) [GET]

ActionController::RoutingError (No route matches "/favicon.ico" with {:method=>:get}):
  

Rendering rescues/layout (not_found)


Processing ApplicationController#index (for 127.0.0.1 at 2011-01-07 20:05:50) [GET]

ActionController::RoutingError (No route matches "/favicon.ico" with {:method=>:get}):
  

Rendering rescues/layout (not_found)


Processing ApplicationController#index (for 127.0.0.1 at 2011-01-07 20:06:23) [GET]

ActionController::RoutingError (No route matches "/favicon.ico" with {:method=>:get}):
  

Rendering rescues/layout (not_found)


Processing ApplicationController#index (for 127.0.0.1 at 2011-01-07 20:07:26) [GET]

ActionController::RoutingError (No route matches "/favicon.ico" with {:method=>:get}):
  

Rendering rescues/layout (not_found)


Processing ApplicationController#index (for 127.0.0.1 at 2011-01-07 20:12:54) [GET]

ActionController::RoutingError (No route matches "/favicon.ico" with {:method=>:get}):
  

Rendering rescues/layout (not_found)


Processing ApplicationController#index (for 127.0.0.1 at 2011-01-07 20:12:55) [GET]

ActionController::RoutingError (No route matches "/favicon.ico" with {:method=>:get}):
  

Rendering rescues/layout (not_found)


Processing ApplicationController#index (for 127.0.0.1 at 2011-01-07 20:13:14) [GET]

ActionController::RoutingError (No route matches "/favicon.ico" with {:method=>:get}):
  

Rendering rescues/layout (not_found)


Processing ApplicationController#index (for 127.0.0.1 at 2011-01-07 20:13:50) [GET]

ActionController::RoutingError (No route matches "/favicon.ico" with {:method=>:get}):
  

Rendering rescues/layout (not_found)


Processing ApplicationController#index (for 127.0.0.1 at 2011-01-07 20:13:53) [GET]

ActionController::RoutingError (No route matches "/favicon.ico" with {:method=>:get}):
  

Rendering rescues/layout (not_found)


Processing ApplicationController#index (for 127.0.0.1 at 2011-01-07 20:14:20) [GET]

ActionController::RoutingError (No route matches "/favicon.ico" with {:method=>:get}):
  

Rendering rescues/layout (not_found)


Processing ApplicationController#index (for 127.0.0.1 at 2011-01-07 20:14:23) [GET]

ActionController::RoutingError (No route matches "/favicon.ico" with {:method=>:get}):
  

Rendering rescues/layout (not_found)


Processing ApplicationController#index (for 127.0.0.1 at 2011-01-07 20:14:36) [GET]

ActionController::RoutingError (No route matches "/favicon.ico" with {:method=>:get}):
  

Rendering rescues/layout (not_found)


Processing ApplicationController#index (for 127.0.0.1 at 2011-01-07 20:14:39) [GET]

ActionController::RoutingError (No route matches "/favicon.ico" with {:method=>:get}):
  

Rendering rescues/layout (not_found)


Processing ApplicationController#index (for 127.0.0.1 at 2011-01-07 20:16:06) [GET]

ActionController::RoutingError (No route matches "/favicon.ico" with {:method=>:get}):
  

Rendering rescues/layout (not_found)


Processing ApplicationController#index (for 127.0.0.1 at 2011-01-07 20:16:09) [GET]

ActionController::RoutingError (No route matches "/favicon.ico" with {:method=>:get}):
  

Rendering rescues/layout (not_found)


Processing ApplicationController#index (for 127.0.0.1 at 2011-01-07 20:16:12) [GET]

ActionController::RoutingError (No route matches "/favicon.ico" with {:method=>:get}):
  

Rendering rescues/layout (not_found)


Processing ApplicationController#index (for 127.0.0.1 at 2011-01-07 20:16:48) [GET]

ActionController::RoutingError (No route matches "/favicon.ico" with {:method=>:get}):
  

Rendering rescues/layout (not_found)


Processing ApplicationController#index (for 127.0.0.1 at 2011-01-07 20:16:50) [GET]

ActionController::RoutingError (No route matches "/favicon.ico" with {:method=>:get}):
  

Rendering rescues/layout (not_found)


Processing ApplicationController#index (for 127.0.0.1 at 2011-01-07 20:16:52) [GET]

ActionController::RoutingError (No route matches "/favicon.ico" with {:method=>:get}):
  

Rendering rescues/layout (not_found)


Processing ApplicationController#index (for 127.0.0.1 at 2011-01-07 20:17:32) [GET]

ActionController::RoutingError (No route matches "/favicon.ico" with {:method=>:get}):
  

Rendering rescues/layout (not_found)


Processing ApplicationController#index (for 127.0.0.1 at 2011-01-07 20:17:33) [GET]

ActionController::RoutingError (No route matches "/favicon.ico" with {:method=>:get}):
  

Rendering rescues/layout (not_found)


Processing ApplicationController#index (for 127.0.0.1 at 2011-01-07 20:17:34) [GET]

ActionController::RoutingError (No route matches "/favicon.ico" with {:method=>:get}):
  

Rendering rescues/layout (not_found)


Processing ApplicationController#index (for 127.0.0.1 at 2011-01-07 20:18:23) [GET]

ActionController::RoutingError (No route matches "/favicon.ico" with {:method=>:get}):
  

Rendering rescues/layout (not_found)


Processing ApplicationController#index (for 127.0.0.1 at 2011-01-07 20:18:25) [GET]

ActionController::RoutingError (No route matches "/favicon.ico" with {:method=>:get}):
  

Rendering rescues/layout (not_found)


Processing ApplicationController#index (for 127.0.0.1 at 2011-01-07 20:18:26) [GET]

ActionController::RoutingError (No route matches "/favicon.ico" with {:method=>:get}):
  

Rendering rescues/layout (not_found)


Processing ApplicationController#index (for 127.0.0.1 at 2011-01-07 20:18:27) [GET]

ActionController::RoutingError (No route matches "/favicon.ico" with {:method=>:get}):
  

Rendering rescues/layout (not_found)


Processing ApplicationController#index (for 127.0.0.1 at 2011-01-07 20:19:33) [GET]

ActionController::RoutingError (No route matches "/favicon.ico" with {:method=>:get}):
  

Rendering rescues/layout (not_found)


Processing ApplicationController#index (for 127.0.0.1 at 2011-01-07 20:19:35) [GET]

ActionController::RoutingError (No route matches "/favicon.ico" with {:method=>:get}):
  

Rendering rescues/layout (not_found)


Processing ApplicationController#index (for 127.0.0.1 at 2011-01-07 20:19:37) [GET]

ActionController::RoutingError (No route matches "/favicon.ico" with {:method=>:get}):
  

Rendering rescues/layout (not_found)


Processing ApplicationController#index (for 127.0.0.1 at 2011-01-07 20:19:53) [GET]

ActionController::RoutingError (No route matches "/favicon.ico" with {:method=>:get}):
  

Rendering rescues/layout (not_found)


Processing ApplicationController#index (for 127.0.0.1 at 2011-01-07 20:19:55) [GET]

ActionController::RoutingError (No route matches "/favicon.ico" with {:method=>:get}):
  

Rendering rescues/layout (not_found)


Processing ApplicationController#index (for 127.0.0.1 at 2011-01-07 20:19:55) [GET]

ActionController::RoutingError (No route matches "/favicon.ico" with {:method=>:get}):
  

Rendering rescues/layout (not_found)


Processing ApplicationController#index (for 127.0.0.1 at 2011-01-07 20:19:57) [GET]

ActionController::RoutingError (No route matches "/favicon.ico" with {:method=>:get}):
  

Rendering rescues/layout (not_found)


Processing ApplicationController#index (for 127.0.0.1 at 2011-01-07 20:19:59) [GET]

ActionController::RoutingError (No route matches "/favicon.ico" with {:method=>:get}):
  

Rendering rescues/layout (not_found)


Processing ApplicationController#index (for 127.0.0.1 at 2011-01-07 20:21:54) [GET]

ActionController::RoutingError (No route matches "/favicon.ico" with {:method=>:get}):
  

Rendering rescues/layout (not_found)


Processing ApplicationController#index (for 127.0.0.1 at 2011-01-07 20:21:55) [GET]

ActionController::RoutingError (No route matches "/favicon.ico" with {:method=>:get}):
  

Rendering rescues/layout (not_found)


Processing ApplicationController#index (for 127.0.0.1 at 2011-01-07 20:21:56) [GET]

ActionController::RoutingError (No route matches "/favicon.ico" with {:method=>:get}):
  

Rendering rescues/layout (not_found)


Processing ApplicationController#index (for 127.0.0.1 at 2011-01-07 20:21:57) [GET]

ActionController::RoutingError (No route matches "/favicon.ico" with {:method=>:get}):
  

Rendering rescues/layout (not_found)


Processing ApplicationController#index (for 127.0.0.1 at 2011-01-07 20:22:21) [GET]

ActionController::RoutingError (No route matches "/favicon.ico" with {:method=>:get}):
  

Rendering rescues/layout (not_found)


Processing ApplicationController#index (for 127.0.0.1 at 2011-01-07 20:22:22) [GET]

ActionController::RoutingError (No route matches "/favicon.ico" with {:method=>:get}):
  

Rendering rescues/layout (not_found)


Processing ApplicationController#index (for 127.0.0.1 at 2011-01-07 20:22:24) [GET]

ActionController::RoutingError (No route matches "/favicon.ico" with {:method=>:get}):
  

Rendering rescues/layout (not_found)


Processing ApplicationController#index (for 127.0.0.1 at 2011-01-07 20:22:25) [GET]

ActionController::RoutingError (No route matches "/favicon.ico" with {:method=>:get}):
  

Rendering rescues/layout (not_found)


Processing ApplicationController#index (for 127.0.0.1 at 2011-01-07 20:22:26) [GET]

ActionController::RoutingError (No route matches "/favicon.ico" with {:method=>:get}):
  

Rendering rescues/layout (not_found)


Processing ApplicationController#index (for 127.0.0.1 at 2011-01-07 20:22:40) [GET]

ActionController::RoutingError (No route matches "/favicon.ico" with {:method=>:get}):
  

Rendering rescues/layout (not_found)


Processing ApplicationController#index (for 127.0.0.1 at 2011-01-07 20:22:41) [GET]

ActionController::RoutingError (No route matches "/favicon.ico" with {:method=>:get}):
  

Rendering rescues/layout (not_found)


Processing ApplicationController#index (for 127.0.0.1 at 2011-01-07 20:22:42) [GET]

ActionController::RoutingError (No route matches "/favicon.ico" with {:method=>:get}):
  

Rendering rescues/layout (not_found)


Processing ApplicationController#index (for 127.0.0.1 at 2011-01-07 20:22:43) [GET]

ActionController::RoutingError (No route matches "/favicon.ico" with {:method=>:get}):
  

Rendering rescues/layout (not_found)


Processing ApplicationController#index (for 127.0.0.1 at 2011-01-07 20:24:45) [GET]

ActionController::RoutingError (No route matches "/favicon.ico" with {:method=>:get}):
  

Rendering rescues/layout (not_found)


Processing ApplicationController#index (for 127.0.0.1 at 2011-01-07 20:25:10) [GET]

ActionController::RoutingError (No route matches "/favicon.ico" with {:method=>:get}):
  

Rendering rescues/layout (not_found)


Processing ApplicationController#index (for 127.0.0.1 at 2011-01-07 20:25:12) [GET]

ActionController::RoutingError (No route matches "/favicon.ico" with {:method=>:get}):
  

Rendering rescues/layout (not_found)


Processing ApplicationController#index (for 127.0.0.1 at 2011-01-07 20:25:30) [GET]

ActionController::RoutingError (No route matches "/favicon.ico" with {:method=>:get}):
  

Rendering rescues/layout (not_found)


Processing ApplicationController#index (for 127.0.0.1 at 2011-01-07 20:25:42) [GET]

ActionController::RoutingError (No route matches "/favicon.ico" with {:method=>:get}):
  

Rendering rescues/layout (not_found)


Processing ApplicationController#index (for 127.0.0.1 at 2011-01-07 20:26:45) [GET]

ActionController::RoutingError (No route matches "/favicon.ico" with {:method=>:get}):
  

Rendering rescues/layout (not_found)


Processing ApplicationController#index (for 127.0.0.1 at 2011-01-07 20:26:48) [GET]

ActionController::RoutingError (No route matches "/favicon.ico" with {:method=>:get}):
  

Rendering rescues/layout (not_found)


Processing ApplicationController#index (for 127.0.0.1 at 2011-01-07 20:27:21) [GET]

ActionController::RoutingError (No route matches "/favicon.ico" with {:method=>:get}):
  

Rendering rescues/layout (not_found)


Processing ApplicationController#index (for 127.0.0.1 at 2011-01-07 20:27:45) [GET]

ActionController::RoutingError (No route matches "/favicon.ico" with {:method=>:get}):
  

Rendering rescues/layout (not_found)


Processing ApplicationController#index (for 127.0.0.1 at 2011-01-07 20:28:10) [GET]

ActionController::RoutingError (No route matches "/favicon.ico" with {:method=>:get}):
  

Rendering rescues/layout (not_found)


Processing ApplicationController#index (for 127.0.0.1 at 2011-01-07 20:28:14) [GET]

ActionController::RoutingError (No route matches "/favicon.ico" with {:method=>:get}):
  

Rendering rescues/layout (not_found)


Processing ApplicationController#index (for 127.0.0.1 at 2011-01-07 20:28:15) [GET]

ActionController::RoutingError (No route matches "/favicon.ico" with {:method=>:get}):
  

Rendering rescues/layout (not_found)


Processing ApplicationController#index (for 127.0.0.1 at 2011-01-07 20:28:16) [GET]

ActionController::RoutingError (No route matches "/favicon.ico" with {:method=>:get}):
  

Rendering rescues/layout (not_found)


Processing ApplicationController#index (for 127.0.0.1 at 2011-01-07 20:28:17) [GET]

ActionController::RoutingError (No route matches "/favicon.ico" with {:method=>:get}):
  

Rendering rescues/layout (not_found)


Processing ApplicationController#index (for 127.0.0.1 at 2011-01-07 20:28:18) [GET]

ActionController::RoutingError (No route matches "/favicon.ico" with {:method=>:get}):
  

Rendering rescues/layout (not_found)


Processing ApplicationController#index (for 127.0.0.1 at 2011-01-07 20:28:18) [GET]

ActionController::RoutingError (No route matches "/favicon.ico" with {:method=>:get}):
  

Rendering rescues/layout (not_found)


Processing ApplicationController#index (for 127.0.0.1 at 2011-01-07 20:28:37) [GET]

ActionController::RoutingError (No route matches "/favicon.ico" with {:method=>:get}):
  

Rendering rescues/layout (not_found)


Processing ApplicationController#index (for 127.0.0.1 at 2011-01-07 20:28:39) [GET]

ActionController::RoutingError (No route matches "/favicon.ico" with {:method=>:get}):
  

Rendering rescues/layout (not_found)


Processing ApplicationController#index (for 127.0.0.1 at 2011-01-07 20:28:40) [GET]

ActionController::RoutingError (No route matches "/favicon.ico" with {:method=>:get}):
  

Rendering rescues/layout (not_found)


Processing ApplicationController#index (for 127.0.0.1 at 2011-01-07 20:28:41) [GET]

ActionController::RoutingError (No route matches "/favicon.ico" with {:method=>:get}):
  

Rendering rescues/layout (not_found)


Processing ApplicationController#index (for 127.0.0.1 at 2011-01-07 20:28:43) [GET]

ActionController::RoutingError (No route matches "/favicon.ico" with {:method=>:get}):
  

Rendering rescues/layout (not_found)


Processing ApplicationController#index (for 127.0.0.1 at 2011-01-07 20:29:18) [GET]

ActionController::RoutingError (No route matches "/favicon.ico" with {:method=>:get}):
  

Rendering rescues/layout (not_found)


Processing ApplicationController#index (for 127.0.0.1 at 2011-01-07 20:29:20) [GET]

ActionController::RoutingError (No route matches "/favicon.ico" with {:method=>:get}):
  

Rendering rescues/layout (not_found)


Processing ApplicationController#index (for 127.0.0.1 at 2011-01-07 20:29:21) [GET]

ActionController::RoutingError (No route matches "/favicon.ico" with {:method=>:get}):
  

Rendering rescues/layout (not_found)


Processing ApplicationController#index (for 127.0.0.1 at 2011-01-07 20:29:22) [GET]

ActionController::RoutingError (No route matches "/favicon.ico" with {:method=>:get}):
  

Rendering rescues/layout (not_found)


Processing ApplicationController#index (for 127.0.0.1 at 2011-01-07 20:29:33) [GET]

ActionController::RoutingError (No route matches "/favicon.ico" with {:method=>:get}):
  

Rendering rescues/layout (not_found)


Processing ApplicationController#index (for 127.0.0.1 at 2011-01-07 20:29:34) [GET]

ActionController::RoutingError (No route matches "/favicon.ico" with {:method=>:get}):
  

Rendering rescues/layout (not_found)


Processing ApplicationController#index (for 127.0.0.1 at 2011-01-07 20:29:34) [GET]

ActionController::RoutingError (No route matches "/favicon.ico" with {:method=>:get}):
  

Rendering rescues/layout (not_found)


Processing ApplicationController#index (for 127.0.0.1 at 2011-01-07 20:29:35) [GET]

ActionController::RoutingError (No route matches "/favicon.ico" with {:method=>:get}):
  

Rendering rescues/layout (not_found)


Processing ApplicationController#index (for 127.0.0.1 at 2011-01-07 20:29:36) [GET]

ActionController::RoutingError (No route matches "/favicon.ico" with {:method=>:get}):
  

Rendering rescues/layout (not_found)


Processing ApplicationController#index (for 127.0.0.1 at 2011-01-07 20:29:36) [GET]

ActionController::RoutingError (No route matches "/favicon.ico" with {:method=>:get}):
  

Rendering rescues/layout (not_found)


Processing ApplicationController#index (for 127.0.0.1 at 2011-01-07 20:29:36) [GET]

ActionController::RoutingError (No route matches "/favicon.ico" with {:method=>:get}):
  

Rendering rescues/layout (not_found)


Processing ApplicationController#index (for 127.0.0.1 at 2011-01-07 20:31:15) [GET]

ActionController::RoutingError (No route matches "/favicon.ico" with {:method=>:get}):
  

Rendering rescues/layout (not_found)


Processing ApplicationController#index (for 127.0.0.1 at 2011-01-07 20:31:38) [GET]

ActionController::RoutingError (No route matches "/favicon.ico" with {:method=>:get}):
  

Rendering rescues/layout (not_found)


Processing ApplicationController#index (for 127.0.0.1 at 2011-01-07 20:31:39) [GET]

ActionController::RoutingError (No route matches "/favicon.ico" with {:method=>:get}):
  

Rendering rescues/layout (not_found)


Processing ApplicationController#index (for 127.0.0.1 at 2011-01-07 20:32:07) [GET]

ActionController::RoutingError (No route matches "/favicon.ico" with {:method=>:get}):
  

Rendering rescues/layout (not_found)


Processing ApplicationController#index (for 127.0.0.1 at 2011-01-07 20:32:08) [GET]

ActionController::RoutingError (No route matches "/favicon.ico" with {:method=>:get}):
  

Rendering rescues/layout (not_found)


Processing ApplicationController#index (for 127.0.0.1 at 2011-01-07 20:32:42) [GET]

ActionController::RoutingError (No route matches "/favicon.ico" with {:method=>:get}):
  

Rendering rescues/layout (not_found)


Processing ApplicationController#index (for 127.0.0.1 at 2011-01-07 20:32:43) [GET]

ActionController::RoutingError (No route matches "/favicon.ico" with {:method=>:get}):
  

Rendering rescues/layout (not_found)


Processing ApplicationController#index (for 127.0.0.1 at 2011-01-07 20:33:11) [GET]

ActionController::RoutingError (No route matches "/favicon.ico" with {:method=>:get}):
  

Rendering rescues/layout (not_found)


Processing ApplicationController#index (for 127.0.0.1 at 2011-01-07 20:33:13) [GET]

ActionController::RoutingError (No route matches "/favicon.ico" with {:method=>:get}):
  

Rendering rescues/layout (not_found)


Processing ApplicationController#index (for 127.0.0.1 at 2011-01-07 20:33:15) [GET]

ActionController::RoutingError (No route matches "/favicon.ico" with {:method=>:get}):
  

Rendering rescues/layout (not_found)


Processing ApplicationController#index (for 127.0.0.1 at 2011-01-07 20:33:16) [GET]

ActionController::RoutingError (No route matches "/favicon.ico" with {:method=>:get}):
  

Rendering rescues/layout (not_found)


Processing ApplicationController#index (for 127.0.0.1 at 2011-01-07 20:33:17) [GET]

ActionController::RoutingError (No route matches "/favicon.ico" with {:method=>:get}):
  

Rendering rescues/layout (not_found)


Processing ApplicationController#index (for 127.0.0.1 at 2011-01-07 20:35:29) [GET]

ActionController::RoutingError (No route matches "/favicon.ico" with {:method=>:get}):
  

Rendering rescues/layout (not_found)


Processing ApplicationController#index (for 127.0.0.1 at 2011-01-07 20:35:29) [GET]

ActionController::RoutingError (No route matches "/favicon.ico" with {:method=>:get}):
  

Rendering rescues/layout (not_found)


Processing ApplicationController#index (for 127.0.0.1 at 2011-01-07 20:35:48) [GET]

ActionController::RoutingError (No route matches "/favicon.ico" with {:method=>:get}):
  

Rendering rescues/layout (not_found)


Processing ApplicationController#index (for 127.0.0.1 at 2011-01-07 20:35:48) [GET]

ActionController::RoutingError (No route matches "/favicon.ico" with {:method=>:get}):
  

Rendering rescues/layout (not_found)


Processing ApplicationController#index (for 127.0.0.1 at 2011-01-07 20:35:50) [GET]

ActionController::RoutingError (No route matches "/favicon.ico" with {:method=>:get}):
  

Rendering rescues/layout (not_found)


Processing ApplicationController#index (for 127.0.0.1 at 2011-01-07 20:35:51) [GET]

ActionController::RoutingError (No route matches "/favicon.ico" with {:method=>:get}):
  

Rendering rescues/layout (not_found)


Processing ApplicationController#index (for 127.0.0.1 at 2011-01-07 20:35:52) [GET]

ActionController::RoutingError (No route matches "/favicon.ico" with {:method=>:get}):
  

Rendering rescues/layout (not_found)


Processing ApplicationController#index (for 127.0.0.1 at 2011-01-07 20:44:42) [GET]

ActionController::RoutingError (No route matches "/favicon.ico" with {:method=>:get}):
  

Rendering rescues/layout (not_found)


Processing ApplicationController#index (for 127.0.0.1 at 2011-01-07 20:44:43) [GET]

ActionController::RoutingError (No route matches "/favicon.ico" with {:method=>:get}):
  

Rendering rescues/layout (not_found)


Processing ApplicationController#index (for 127.0.0.1 at 2011-01-07 20:45:10) [GET]

ActionController::RoutingError (No route matches "/favicon.ico" with {:method=>:get}):
  

Rendering rescues/layout (not_found)


Processing ApplicationController#index (for 127.0.0.1 at 2011-01-07 20:45:20) [GET]

ActionController::RoutingError (No route matches "/favicon.ico" with {:method=>:get}):
  

Rendering rescues/layout (not_found)


Processing ApplicationController#index (for 127.0.0.1 at 2011-01-07 20:46:55) [GET]

ActionController::RoutingError (No route matches "/favicon.ico" with {:method=>:get}):
  

Rendering rescues/layout (not_found)


Processing ApplicationController#index (for 127.0.0.1 at 2011-01-07 20:46:57) [GET]

ActionController::RoutingError (No route matches "/favicon.ico" with {:method=>:get}):
  

Rendering rescues/layout (not_found)


Processing ApplicationController#index (for 127.0.0.1 at 2011-01-07 20:48:31) [GET]

ActionController::RoutingError (No route matches "/favicon.ico" with {:method=>:get}):
  

Rendering rescues/layout (not_found)


Processing ApplicationController#index (for 127.0.0.1 at 2011-01-07 20:48:32) [GET]

ActionController::RoutingError (No route matches "/favicon.ico" with {:method=>:get}):
  

Rendering rescues/layout (not_found)


Processing ApplicationController#index (for 127.0.0.1 at 2011-01-07 20:48:32) [GET]

ActionController::RoutingError (No route matches "/favicon.ico" with {:method=>:get}):
  

Rendering rescues/layout (not_found)


Processing ApplicationController#index (for 127.0.0.1 at 2011-01-07 20:48:33) [GET]

ActionController::RoutingError (No route matches "/favicon.ico" with {:method=>:get}):
  

Rendering rescues/layout (not_found)


Processing ApplicationController#index (for 127.0.0.1 at 2011-01-07 20:48:35) [GET]

ActionController::RoutingError (No route matches "/favicon.ico" with {:method=>:get}):
  

Rendering rescues/layout (not_found)


Processing ApplicationController#index (for 127.0.0.1 at 2011-01-07 20:49:49) [GET]

ActionController::RoutingError (No route matches "/favicon.ico" with {:method=>:get}):
  

Rendering rescues/layout (not_found)


Processing ApplicationController#index (for 127.0.0.1 at 2011-01-07 20:50:10) [GET]

ActionController::RoutingError (No route matches "/favicon.ico" with {:method=>:get}):
  

Rendering rescues/layout (not_found)


Processing ApplicationController#index (for 127.0.0.1 at 2011-01-07 20:50:20) [GET]

ActionController::RoutingError (No route matches "/favicon.ico" with {:method=>:get}):
  

Rendering rescues/layout (not_found)


Processing ApplicationController#index (for 127.0.0.1 at 2011-01-07 20:51:31) [GET]

ActionController::RoutingError (No route matches "/favicon.ico" with {:method=>:get}):
  

Rendering rescues/layout (not_found)


Processing ApplicationController#index (for 127.0.0.1 at 2011-01-07 20:52:15) [GET]

ActionController::RoutingError (No route matches "/favicon.ico" with {:method=>:get}):
  

Rendering rescues/layout (not_found)


Processing ApplicationController#index (for 127.0.0.1 at 2011-01-07 20:53:22) [GET]

ActionController::RoutingError (No route matches "/favicon.ico" with {:method=>:get}):
  

Rendering rescues/layout (not_found)


Processing ApplicationController#index (for 127.0.0.1 at 2011-01-07 20:53:23) [GET]

ActionController::RoutingError (No route matches "/favicon.ico" with {:method=>:get}):
  

Rendering rescues/layout (not_found)


Processing ApplicationController#index (for 127.0.0.1 at 2011-01-07 20:55:39) [GET]

ActionController::RoutingError (No route matches "/favicon.ico" with {:method=>:get}):
  

Rendering rescues/layout (not_found)


Processing ApplicationController#index (for 127.0.0.1 at 2011-01-07 20:55:51) [GET]

ActionController::RoutingError (No route matches "/favicon.ico" with {:method=>:get}):
  

Rendering rescues/layout (not_found)


Processing ApplicationController#index (for 127.0.0.1 at 2011-01-07 20:56:29) [GET]

ActionController::RoutingError (No route matches "/favicon.ico" with {:method=>:get}):
  

Rendering rescues/layout (not_found)


Processing ApplicationController#index (for 127.0.0.1 at 2011-01-07 20:57:29) [GET]

ActionController::RoutingError (No route matches "/favicon.ico" with {:method=>:get}):
  

Rendering rescues/layout (not_found)


Processing ApplicationController#index (for 127.0.0.1 at 2011-01-07 20:58:06) [GET]

ActionController::RoutingError (No route matches "/favicon.ico" with {:method=>:get}):
  

Rendering rescues/layout (not_found)


Processing ApplicationController#index (for 127.0.0.1 at 2011-01-07 20:58:07) [GET]

ActionController::RoutingError (No route matches "/favicon.ico" with {:method=>:get}):
  

Rendering rescues/layout (not_found)


Processing ApplicationController#index (for 127.0.0.1 at 2011-01-07 20:58:08) [GET]

ActionController::RoutingError (No route matches "/favicon.ico" with {:method=>:get}):
  

Rendering rescues/layout (not_found)


Processing ApplicationController#index (for 127.0.0.1 at 2011-01-07 20:58:09) [GET]

ActionController::RoutingError (No route matches "/favicon.ico" with {:method=>:get}):
  

Rendering rescues/layout (not_found)


Processing ApplicationController#index (for 127.0.0.1 at 2011-01-07 20:58:09) [GET]

ActionController::RoutingError (No route matches "/favicon.ico" with {:method=>:get}):
  

Rendering rescues/layout (not_found)


Processing JsonController#index (for 127.0.0.1 at 2011-01-07 20:59:40) [GET]
Rendering json/index
Completed in 6ms (View: 5, DB: 0) | 200 OK [http://localhost/json]


Processing ApplicationController#index (for 127.0.0.1 at 2011-01-07 20:59:40) [GET]

ActionController::RoutingError (No route matches "/favicon.ico" with {:method=>:get}):
  

Rendering rescues/layout (not_found)


Processing JsonController#index (for 127.0.0.1 at 2011-01-07 20:59:41) [GET]
Rendering json/index
Completed in 2ms (View: 1, DB: 0) | 200 OK [http://localhost/json]


Processing ApplicationController#index (for 127.0.0.1 at 2011-01-07 20:59:41) [GET]

ActionController::RoutingError (No route matches "/favicon.ico" with {:method=>:get}):
  

Rendering rescues/layout (not_found)


Processing JsonController#index (for 127.0.0.1 at 2011-01-07 21:00:09) [GET]
Rendering json/index
Completed in 6ms (View: 4, DB: 0) | 200 OK [http://localhost/json]


Processing ApplicationController#index (for 127.0.0.1 at 2011-01-07 21:00:09) [GET]

ActionController::RoutingError (No route matches "/favicon.ico" with {:method=>:get}):
  

Rendering rescues/layout (not_found)


Processing JsonController#index (for 127.0.0.1 at 2011-01-07 21:00:26) [GET]
Rendering json/index
Completed in 6ms (View: 5, DB: 0) | 200 OK [http://localhost/json]


Processing ApplicationController#index (for 127.0.0.1 at 2011-01-07 21:00:26) [GET]

ActionController::RoutingError (No route matches "/favicon.ico" with {:method=>:get}):
  

Rendering rescues/layout (not_found)


Processing JsonController#index (for 127.0.0.1 at 2011-01-07 21:00:44) [GET]
Rendering json/index
Completed in 6ms (View: 4, DB: 0) | 200 OK [http://localhost/json]


Processing ApplicationController#index (for 127.0.0.1 at 2011-01-07 21:00:44) [GET]

ActionController::RoutingError (No route matches "/favicon.ico" with {:method=>:get}):
  

Rendering rescues/layout (not_found)


Processing JsonController#index (for 127.0.0.1 at 2011-01-07 21:01:12) [GET]
Rendering json/index
Completed in 6ms (View: 4, DB: 0) | 200 OK [http://localhost/json]


Processing ApplicationController#index (for 127.0.0.1 at 2011-01-07 21:01:12) [GET]

ActionController::RoutingError (No route matches "/favicon.ico" with {:method=>:get}):
  

Rendering rescues/layout (not_found)


Processing JsonController#index (for 127.0.0.1 at 2011-01-07 21:04:38) [GET]
Rendering json/index
Completed in 6ms (View: 4, DB: 0) | 200 OK [http://localhost/json]


Processing ApplicationController#index (for 127.0.0.1 at 2011-01-07 21:04:38) [GET]

ActionController::RoutingError (No route matches "/favicon.ico" with {:method=>:get}):
  

Rendering rescues/layout (not_found)


Processing JsonController#index (for 127.0.0.1 at 2011-01-07 21:05:18) [GET]
Rendering json/index
Completed in 2ms (View: 1, DB: 0) | 200 OK [http://localhost/json]


Processing ApplicationController#index (for 127.0.0.1 at 2011-01-07 21:05:18) [GET]

ActionController::RoutingError (No route matches "/favicon.ico" with {:method=>:get}):
  

Rendering rescues/layout (not_found)


Processing JsonController#index (for 127.0.0.1 at 2011-01-07 21:06:33) [GET]
Rendering json/index

ActionView::TemplateError (undefined method `encode' for #<ActionView::Base:0x10060f300>) on line #1 of app/views/json/index.rhtml:
1: <%= encode(request.env['REMOTE_ADDR']) %>

    app/views/json/index.rhtml:1:in `_run_rhtml_app47views47json47index46rhtml'

Rendered rescues/_trace (57.7ms)
Rendered rescues/_request_and_response (11.0ms)
Rendering rescues/layout (internal_server_error)


Processing ApplicationController#index (for 127.0.0.1 at 2011-01-07 21:06:34) [GET]

ActionController::RoutingError (No route matches "/favicon.ico" with {:method=>:get}):
  

Rendering rescues/layout (not_found)


Processing JsonController#index (for 127.0.0.1 at 2011-01-07 21:09:41) [GET]
Rendering json/index
ERROR: compiling _run_rhtml_app47views47json47index46rhtml RAISED compile error
/Users/Hunter/json/app/views/json/index.rhtml:2: syntax error, unexpected tCONSTANT, expecting kDO or '{' or '('
var json = new Object();
                     ^
Function body:           def _run_rhtml_app47views47json47index46rhtml(local_assigns)
            old_output_buffer = output_buffer;;@output_buffer = '';  __in_erb_template=true ; 
var json = new Object();
json.ip = request.env['REMOTE_ADDR'] 
@output_buffer.concat "\n"
; @output_buffer.concat(( json.ip ).to_s); @output_buffer
          ensure
            self.output_buffer = old_output_buffer
          end
Backtrace: /Users/Hunter/json/app/views/json/index.rhtml:8:in `compile!'
/System/Library/Frameworks/Ruby.framework/Versions/1.8/usr/lib/ruby/gems/1.8/gems/actionpack-2.3.5/lib/action_view/renderable.rb:61:in `compile'
/System/Library/Frameworks/Ruby.framework/Versions/1.8/usr/lib/ruby/gems/1.8/gems/actionpack-2.3.5/lib/action_view/renderable.rb:28:in `render'
/System/Library/Frameworks/Ruby.framework/Versions/1.8/usr/lib/ruby/gems/1.8/gems/actionpack-2.3.5/lib/action_view/template.rb:205:in `render_template'
/System/Library/Frameworks/Ruby.framework/Versions/1.8/usr/lib/ruby/gems/1.8/gems/actionpack-2.3.5/lib/action_view/base.rb:265:in `render'
/System/Library/Frameworks/Ruby.framework/Versions/1.8/usr/lib/ruby/gems/1.8/gems/actionpack-2.3.5/lib/action_controller/base.rb:1250:in `render_for_file'
/System/Library/Frameworks/Ruby.framework/Versions/1.8/usr/lib/ruby/gems/1.8/gems/actionpack-2.3.5/lib/action_controller/base.rb:945:in `render_without_benchmark'
/System/Library/Frameworks/Ruby.framework/Versions/1.8/usr/lib/ruby/gems/1.8/gems/actionpack-2.3.5/lib/action_controller/benchmarking.rb:51:in `render'
/System/Library/Frameworks/Ruby.framework/Versions/1.8/usr/lib/ruby/gems/1.8/gems/activesupport-2.3.5/lib/active_support/core_ext/benchmark.rb:17:in `ms'
/System/Library/Frameworks/Ruby.framework/Versions/1.8/usr/lib/ruby/1.8/benchmark.rb:308:in `realtime'
/System/Library/Frameworks/Ruby.framework/Versions/1.8/usr/lib/ruby/gems/1.8/gems/activesupport-2.3.5/lib/active_support/core_ext/benchmark.rb:17:in `ms'
/System/Library/Frameworks/Ruby.framework/Versions/1.8/usr/lib/ruby/gems/1.8/gems/actionpack-2.3.5/lib/action_controller/benchmarking.rb:51:in `render'
/System/Library/Frameworks/Ruby.framework/Versions/1.8/usr/lib/ruby/gems/1.8/gems/actionpack-2.3.5/lib/action_controller/base.rb:1326:in `default_render'
/System/Library/Frameworks/Ruby.framework/Versions/1.8/usr/lib/ruby/gems/1.8/gems/actionpack-2.3.5/lib/action_controller/base.rb:1338:in `perform_action_without_filters'
/System/Library/Frameworks/Ruby.framework/Versions/1.8/usr/lib/ruby/gems/1.8/gems/actionpack-2.3.5/lib/action_controller/filters.rb:617:in `call_filters'
/System/Library/Frameworks/Ruby.framework/Versions/1.8/usr/lib/ruby/gems/1.8/gems/actionpack-2.3.5/lib/action_controller/filters.rb:610:in `perform_action_without_benchmark'
/System/Library/Frameworks/Ruby.framework/Versions/1.8/usr/lib/ruby/gems/1.8/gems/actionpack-2.3.5/lib/action_controller/benchmarking.rb:68:in `perform_action_without_rescue'
/System/Library/Frameworks/Ruby.framework/Versions/1.8/usr/lib/ruby/gems/1.8/gems/activesupport-2.3.5/lib/active_support/core_ext/benchmark.rb:17:in `ms'
/System/Library/Frameworks/Ruby.framework/Versions/1.8/usr/lib/ruby/1.8/benchmark.rb:308:in `realtime'
/System/Library/Frameworks/Ruby.framework/Versions/1.8/usr/lib/ruby/gems/1.8/gems/activesupport-2.3.5/lib/active_support/core_ext/benchmark.rb:17:in `ms'
/System/Library/Frameworks/Ruby.framework/Versions/1.8/usr/lib/ruby/gems/1.8/gems/actionpack-2.3.5/lib/action_controller/benchmarking.rb:68:in `perform_action_without_rescue'
/System/Library/Frameworks/Ruby.framework/Versions/1.8/usr/lib/ruby/gems/1.8/gems/actionpack-2.3.5/lib/action_controller/rescue.rb:160:in `perform_action_without_flash'
/System/Library/Frameworks/Ruby.framework/Versions/1.8/usr/lib/ruby/gems/1.8/gems/actionpack-2.3.5/lib/action_controller/flash.rb:146:in `perform_action'
/System/Library/Frameworks/Ruby.framework/Versions/1.8/usr/lib/ruby/gems/1.8/gems/actionpack-2.3.5/lib/action_controller/base.rb:532:in `send'
/System/Library/Frameworks/Ruby.framework/Versions/1.8/usr/lib/ruby/gems/1.8/gems/actionpack-2.3.5/lib/action_controller/base.rb:532:in `process_without_filters'
/System/Library/Frameworks/Ruby.framework/Versions/1.8/usr/lib/ruby/gems/1.8/gems/actionpack-2.3.5/lib/action_controller/filters.rb:606:in `process'
/System/Library/Frameworks/Ruby.framework/Versions/1.8/usr/lib/ruby/gems/1.8/gems/actionpack-2.3.5/lib/action_controller/base.rb:391:in `process'
/System/Library/Frameworks/Ruby.framework/Versions/1.8/usr/lib/ruby/gems/1.8/gems/actionpack-2.3.5/lib/action_controller/base.rb:386:in `call'
/System/Library/Frameworks/Ruby.framework/Versions/1.8/usr/lib/ruby/gems/1.8/gems/actionpack-2.3.5/lib/action_controller/routing/route_set.rb:437:in `call'
/System/Library/Frameworks/Ruby.framework/Versions/1.8/usr/lib/ruby/gems/1.8/gems/actionpack-2.3.5/lib/action_controller/dispatcher.rb:87:in `dispatch'
/System/Library/Frameworks/Ruby.framework/Versions/1.8/usr/lib/ruby/gems/1.8/gems/actionpack-2.3.5/lib/action_controller/dispatcher.rb:121:in `_call'
/System/Library/Frameworks/Ruby.framework/Versions/1.8/usr/lib/ruby/gems/1.8/gems/actionpack-2.3.5/lib/action_controller/dispatcher.rb:130:in `build_middleware_stack'
/System/Library/Frameworks/Ruby.framework/Versions/1.8/usr/lib/ruby/gems/1.8/gems/activerecord-2.3.5/lib/active_record/query_cache.rb:29:in `call'
/System/Library/Frameworks/Ruby.framework/Versions/1.8/usr/lib/ruby/gems/1.8/gems/activerecord-2.3.5/lib/active_record/query_cache.rb:29:in `call'
/System/Library/Frameworks/Ruby.framework/Versions/1.8/usr/lib/ruby/gems/1.8/gems/activerecord-2.3.5/lib/active_record/connection_adapters/abstract/query_cache.rb:34:in `cache'
/System/Library/Frameworks/Ruby.framework/Versions/1.8/usr/lib/ruby/gems/1.8/gems/activerecord-2.3.5/lib/active_record/query_cache.rb:9:in `cache'
/System/Library/Frameworks/Ruby.framework/Versions/1.8/usr/lib/ruby/gems/1.8/gems/activerecord-2.3.5/lib/active_record/query_cache.rb:28:in `call'
/System/Library/Frameworks/Ruby.framework/Versions/1.8/usr/lib/ruby/gems/1.8/gems/activerecord-2.3.5/lib/active_record/connection_adapters/abstract/connection_pool.rb:361:in `call'
/System/Library/Frameworks/Ruby.framework/Versions/1.8/usr/lib/ruby/gems/1.8/gems/actionpack-2.3.5/lib/action_controller/string_coercion.rb:25:in `call'
/System/Library/Frameworks/Ruby.framework/Versions/1.8/usr/lib/ruby/gems/1.8/gems/rack-1.0.1/lib/rack/head.rb:9:in `call'
/System/Library/Frameworks/Ruby.framework/Versions/1.8/usr/lib/ruby/gems/1.8/gems/rack-1.0.1/lib/rack/methodoverride.rb:24:in `call'
/System/Library/Frameworks/Ruby.framework/Versions/1.8/usr/lib/ruby/gems/1.8/gems/actionpack-2.3.5/lib/action_controller/params_parser.rb:15:in `call'
/System/Library/Frameworks/Ruby.framework/Versions/1.8/usr/lib/ruby/gems/1.8/gems/actionpack-2.3.5/lib/action_controller/session/cookie_store.rb:93:in `call'
/System/Library/Frameworks/Ruby.framework/Versions/1.8/usr/lib/ruby/gems/1.8/gems/actionpack-2.3.5/lib/action_controller/failsafe.rb:26:in `call'
/System/Library/Frameworks/Ruby.framework/Versions/1.8/usr/lib/ruby/gems/1.8/gems/rack-1.0.1/lib/rack/lock.rb:11:in `call'
/System/Library/Frameworks/Ruby.framework/Versions/1.8/usr/lib/ruby/gems/1.8/gems/rack-1.0.1/lib/rack/lock.rb:11:in `synchronize'
/System/Library/Frameworks/Ruby.framework/Versions/1.8/usr/lib/ruby/gems/1.8/gems/rack-1.0.1/lib/rack/lock.rb:11:in `call'
/System/Library/Frameworks/Ruby.framework/Versions/1.8/usr/lib/ruby/gems/1.8/gems/actionpack-2.3.5/lib/action_controller/dispatcher.rb:114:in `call'
/System/Library/Frameworks/Ruby.framework/Versions/1.8/usr/lib/ruby/gems/1.8/gems/actionpack-2.3.5/lib/action_controller/reloader.rb:34:in `run'
/System/Library/Frameworks/Ruby.framework/Versions/1.8/usr/lib/ruby/gems/1.8/gems/actionpack-2.3.5/lib/action_controller/dispatcher.rb:108:in `call'
/System/Library/Frameworks/Ruby.framework/Versions/1.8/usr/lib/ruby/gems/1.8/gems/rails-2.3.5/lib/rails/rack/static.rb:31:in `call'
/System/Library/Frameworks/Ruby.framework/Versions/1.8/usr/lib/ruby/gems/1.8/gems/rack-1.0.1/lib/rack/urlmap.rb:46:in `call'
/System/Library/Frameworks/Ruby.framework/Versions/1.8/usr/lib/ruby/gems/1.8/gems/rack-1.0.1/lib/rack/urlmap.rb:40:in `each'
/System/Library/Frameworks/Ruby.framework/Versions/1.8/usr/lib/ruby/gems/1.8/gems/rack-1.0.1/lib/rack/urlmap.rb:40:in `call'
/System/Library/Frameworks/Ruby.framework/Versions/1.8/usr/lib/ruby/gems/1.8/gems/rails-2.3.5/lib/rails/rack/log_tailer.rb:17:in `call'
/System/Library/Frameworks/Ruby.framework/Versions/1.8/usr/lib/ruby/gems/1.8/gems/rack-1.0.1/lib/rack/content_length.rb:13:in `call'
/System/Library/Frameworks/Ruby.framework/Versions/1.8/usr/lib/ruby/gems/1.8/gems/rack-1.0.1/lib/rack/chunked.rb:15:in `call'
/System/Library/Frameworks/Ruby.framework/Versions/1.8/usr/lib/ruby/gems/1.8/gems/rack-1.0.1/lib/rack/handler/mongrel.rb:64:in `process'
/System/Library/Frameworks/Ruby.framework/Versions/1.8/usr/lib/ruby/gems/1.8/gems/mongrel-1.1.5/lib/mongrel.rb:159:in `process_client'
/System/Library/Frameworks/Ruby.framework/Versions/1.8/usr/lib/ruby/gems/1.8/gems/mongrel-1.1.5/lib/mongrel.rb:158:in `each'
/System/Library/Frameworks/Ruby.framework/Versions/1.8/usr/lib/ruby/gems/1.8/gems/mongrel-1.1.5/lib/mongrel.rb:158:in `process_client'
/System/Library/Frameworks/Ruby.framework/Versions/1.8/usr/lib/ruby/gems/1.8/gems/mongrel-1.1.5/lib/mongrel.rb:285:in `run'
/System/Library/Frameworks/Ruby.framework/Versions/1.8/usr/lib/ruby/gems/1.8/gems/mongrel-1.1.5/lib/mongrel.rb:285:in `initialize'
/System/Library/Frameworks/Ruby.framework/Versions/1.8/usr/lib/ruby/gems/1.8/gems/mongrel-1.1.5/lib/mongrel.rb:285:in `new'
/System/Library/Frameworks/Ruby.framework/Versions/1.8/usr/lib/ruby/gems/1.8/gems/mongrel-1.1.5/lib/mongrel.rb:285:in `run'
/System/Library/Frameworks/Ruby.framework/Versions/1.8/usr/lib/ruby/gems/1.8/gems/mongrel-1.1.5/lib/mongrel.rb:268:in `initialize'
/System/Library/Frameworks/Ruby.framework/Versions/1.8/usr/lib/ruby/gems/1.8/gems/mongrel-1.1.5/lib/mongrel.rb:268:in `new'
/System/Library/Frameworks/Ruby.framework/Versions/1.8/usr/lib/ruby/gems/1.8/gems/mongrel-1.1.5/lib/mongrel.rb:268:in `run'
/System/Library/Frameworks/Ruby.framework/Versions/1.8/usr/lib/ruby/gems/1.8/gems/rack-1.0.1/lib/rack/handler/mongrel.rb:34:in `run'
/System/Library/Frameworks/Ruby.framework/Versions/1.8/usr/lib/ruby/gems/1.8/gems/rails-2.3.5/lib/commands/server.rb:111
/System/Library/Frameworks/Ruby.framework/Versions/1.8/usr/lib/ruby/1.8/rubygems/custom_require.rb:31:in `gem_original_require'
/System/Library/Frameworks/Ruby.framework/Versions/1.8/usr/lib/ruby/1.8/rubygems/custom_require.rb:31:in `require'
script/server:3

ActionView::TemplateError (compile error
/Users/Hunter/json/app/views/json/index.rhtml:2: syntax error, unexpected tCONSTANT, expecting kDO or '{' or '('
var json = new Object();
                     ^) on line #2 of app/views/json/index.rhtml:
1: <%
2: var json = new Object();
3: json.ip = request.env['REMOTE_ADDR'] 
4: %>
5: <%= json.ip %>

    app/views/json/index.rhtml:8:in `compile!'

Rendered rescues/_trace (113.8ms)
Rendered rescues/_request_and_response (0.3ms)
Rendering rescues/layout (internal_server_error)


Processing ApplicationController#index (for 127.0.0.1 at 2011-01-07 21:09:41) [GET]

ActionController::RoutingError (No route matches "/favicon.ico" with {:method=>:get}):
  

Rendering rescues/layout (not_found)


Processing JsonController#index (for 127.0.0.1 at 2011-01-07 21:10:00) [GET]
Rendering json/index
ERROR: compiling _run_rhtml_app47views47json47index46rhtml RAISED compile error
/Users/Hunter/json/app/views/json/index.rhtml:2: syntax error, unexpected tIDENTIFIER, expecting kDO or '{' or '('
var json = new Object();
        ^
/Users/Hunter/json/app/views/json/index.rhtml:4: syntax error, unexpected '}', expecting kEND
Function body:           def _run_rhtml_app47views47json47index46rhtml(local_assigns)
            old_output_buffer = output_buffer;;@output_buffer = '';  __in_erb_template=true ;  {
var json = new Object();
json.ip = request.env['REMOTE_ADDR'] 
}
@output_buffer.concat "\n"
; @output_buffer.concat(( json.ip ).to_s); @output_buffer
          ensure
            self.output_buffer = old_output_buffer
          end
Backtrace: /Users/Hunter/json/app/views/json/index.rhtml:9:in `compile!'
/System/Library/Frameworks/Ruby.framework/Versions/1.8/usr/lib/ruby/gems/1.8/gems/actionpack-2.3.5/lib/action_view/renderable.rb:61:in `compile'
/System/Library/Frameworks/Ruby.framework/Versions/1.8/usr/lib/ruby/gems/1.8/gems/actionpack-2.3.5/lib/action_view/renderable.rb:28:in `render'
/System/Library/Frameworks/Ruby.framework/Versions/1.8/usr/lib/ruby/gems/1.8/gems/actionpack-2.3.5/lib/action_view/template.rb:205:in `render_template'
/System/Library/Frameworks/Ruby.framework/Versions/1.8/usr/lib/ruby/gems/1.8/gems/actionpack-2.3.5/lib/action_view/base.rb:265:in `render'
/System/Library/Frameworks/Ruby.framework/Versions/1.8/usr/lib/ruby/gems/1.8/gems/actionpack-2.3.5/lib/action_controller/base.rb:1250:in `render_for_file'
/System/Library/Frameworks/Ruby.framework/Versions/1.8/usr/lib/ruby/gems/1.8/gems/actionpack-2.3.5/lib/action_controller/base.rb:945:in `render_without_benchmark'
/System/Library/Frameworks/Ruby.framework/Versions/1.8/usr/lib/ruby/gems/1.8/gems/actionpack-2.3.5/lib/action_controller/benchmarking.rb:51:in `render'
/System/Library/Frameworks/Ruby.framework/Versions/1.8/usr/lib/ruby/gems/1.8/gems/activesupport-2.3.5/lib/active_support/core_ext/benchmark.rb:17:in `ms'
/System/Library/Frameworks/Ruby.framework/Versions/1.8/usr/lib/ruby/1.8/benchmark.rb:308:in `realtime'
/System/Library/Frameworks/Ruby.framework/Versions/1.8/usr/lib/ruby/gems/1.8/gems/activesupport-2.3.5/lib/active_support/core_ext/benchmark.rb:17:in `ms'
/System/Library/Frameworks/Ruby.framework/Versions/1.8/usr/lib/ruby/gems/1.8/gems/actionpack-2.3.5/lib/action_controller/benchmarking.rb:51:in `render'
/System/Library/Frameworks/Ruby.framework/Versions/1.8/usr/lib/ruby/gems/1.8/gems/actionpack-2.3.5/lib/action_controller/base.rb:1326:in `default_render'
/System/Library/Frameworks/Ruby.framework/Versions/1.8/usr/lib/ruby/gems/1.8/gems/actionpack-2.3.5/lib/action_controller/base.rb:1338:in `perform_action_without_filters'
/System/Library/Frameworks/Ruby.framework/Versions/1.8/usr/lib/ruby/gems/1.8/gems/actionpack-2.3.5/lib/action_controller/filters.rb:617:in `call_filters'
/System/Library/Frameworks/Ruby.framework/Versions/1.8/usr/lib/ruby/gems/1.8/gems/actionpack-2.3.5/lib/action_controller/filters.rb:610:in `perform_action_without_benchmark'
/System/Library/Frameworks/Ruby.framework/Versions/1.8/usr/lib/ruby/gems/1.8/gems/actionpack-2.3.5/lib/action_controller/benchmarking.rb:68:in `perform_action_without_rescue'
/System/Library/Frameworks/Ruby.framework/Versions/1.8/usr/lib/ruby/gems/1.8/gems/activesupport-2.3.5/lib/active_support/core_ext/benchmark.rb:17:in `ms'
/System/Library/Frameworks/Ruby.framework/Versions/1.8/usr/lib/ruby/1.8/benchmark.rb:308:in `realtime'
/System/Library/Frameworks/Ruby.framework/Versions/1.8/usr/lib/ruby/gems/1.8/gems/activesupport-2.3.5/lib/active_support/core_ext/benchmark.rb:17:in `ms'
/System/Library/Frameworks/Ruby.framework/Versions/1.8/usr/lib/ruby/gems/1.8/gems/actionpack-2.3.5/lib/action_controller/benchmarking.rb:68:in `perform_action_without_rescue'
/System/Library/Frameworks/Ruby.framework/Versions/1.8/usr/lib/ruby/gems/1.8/gems/actionpack-2.3.5/lib/action_controller/rescue.rb:160:in `perform_action_without_flash'
/System/Library/Frameworks/Ruby.framework/Versions/1.8/usr/lib/ruby/gems/1.8/gems/actionpack-2.3.5/lib/action_controller/flash.rb:146:in `perform_action'
/System/Library/Frameworks/Ruby.framework/Versions/1.8/usr/lib/ruby/gems/1.8/gems/actionpack-2.3.5/lib/action_controller/base.rb:532:in `send'
/System/Library/Frameworks/Ruby.framework/Versions/1.8/usr/lib/ruby/gems/1.8/gems/actionpack-2.3.5/lib/action_controller/base.rb:532:in `process_without_filters'
/System/Library/Frameworks/Ruby.framework/Versions/1.8/usr/lib/ruby/gems/1.8/gems/actionpack-2.3.5/lib/action_controller/filters.rb:606:in `process'
/System/Library/Frameworks/Ruby.framework/Versions/1.8/usr/lib/ruby/gems/1.8/gems/actionpack-2.3.5/lib/action_controller/base.rb:391:in `process'
/System/Library/Frameworks/Ruby.framework/Versions/1.8/usr/lib/ruby/gems/1.8/gems/actionpack-2.3.5/lib/action_controller/base.rb:386:in `call'
/System/Library/Frameworks/Ruby.framework/Versions/1.8/usr/lib/ruby/gems/1.8/gems/actionpack-2.3.5/lib/action_controller/routing/route_set.rb:437:in `call'
/System/Library/Frameworks/Ruby.framework/Versions/1.8/usr/lib/ruby/gems/1.8/gems/actionpack-2.3.5/lib/action_controller/dispatcher.rb:87:in `dispatch'
/System/Library/Frameworks/Ruby.framework/Versions/1.8/usr/lib/ruby/gems/1.8/gems/actionpack-2.3.5/lib/action_controller/dispatcher.rb:121:in `_call'
/System/Library/Frameworks/Ruby.framework/Versions/1.8/usr/lib/ruby/gems/1.8/gems/actionpack-2.3.5/lib/action_controller/dispatcher.rb:130:in `build_middleware_stack'
/System/Library/Frameworks/Ruby.framework/Versions/1.8/usr/lib/ruby/gems/1.8/gems/activerecord-2.3.5/lib/active_record/query_cache.rb:29:in `call'
/System/Library/Frameworks/Ruby.framework/Versions/1.8/usr/lib/ruby/gems/1.8/gems/activerecord-2.3.5/lib/active_record/query_cache.rb:29:in `call'
/System/Library/Frameworks/Ruby.framework/Versions/1.8/usr/lib/ruby/gems/1.8/gems/activerecord-2.3.5/lib/active_record/connection_adapters/abstract/query_cache.rb:34:in `cache'
/System/Library/Frameworks/Ruby.framework/Versions/1.8/usr/lib/ruby/gems/1.8/gems/activerecord-2.3.5/lib/active_record/query_cache.rb:9:in `cache'
/System/Library/Frameworks/Ruby.framework/Versions/1.8/usr/lib/ruby/gems/1.8/gems/activerecord-2.3.5/lib/active_record/query_cache.rb:28:in `call'
/System/Library/Frameworks/Ruby.framework/Versions/1.8/usr/lib/ruby/gems/1.8/gems/activerecord-2.3.5/lib/active_record/connection_adapters/abstract/connection_pool.rb:361:in `call'
/System/Library/Frameworks/Ruby.framework/Versions/1.8/usr/lib/ruby/gems/1.8/gems/actionpack-2.3.5/lib/action_controller/string_coercion.rb:25:in `call'
/System/Library/Frameworks/Ruby.framework/Versions/1.8/usr/lib/ruby/gems/1.8/gems/rack-1.0.1/lib/rack/head.rb:9:in `call'
/System/Library/Frameworks/Ruby.framework/Versions/1.8/usr/lib/ruby/gems/1.8/gems/rack-1.0.1/lib/rack/methodoverride.rb:24:in `call'
/System/Library/Frameworks/Ruby.framework/Versions/1.8/usr/lib/ruby/gems/1.8/gems/actionpack-2.3.5/lib/action_controller/params_parser.rb:15:in `call'
/System/Library/Frameworks/Ruby.framework/Versions/1.8/usr/lib/ruby/gems/1.8/gems/actionpack-2.3.5/lib/action_controller/session/cookie_store.rb:93:in `call'
/System/Library/Frameworks/Ruby.framework/Versions/1.8/usr/lib/ruby/gems/1.8/gems/actionpack-2.3.5/lib/action_controller/failsafe.rb:26:in `call'
/System/Library/Frameworks/Ruby.framework/Versions/1.8/usr/lib/ruby/gems/1.8/gems/rack-1.0.1/lib/rack/lock.rb:11:in `call'
/System/Library/Frameworks/Ruby.framework/Versions/1.8/usr/lib/ruby/gems/1.8/gems/rack-1.0.1/lib/rack/lock.rb:11:in `synchronize'
/System/Library/Frameworks/Ruby.framework/Versions/1.8/usr/lib/ruby/gems/1.8/gems/rack-1.0.1/lib/rack/lock.rb:11:in `call'
/System/Library/Frameworks/Ruby.framework/Versions/1.8/usr/lib/ruby/gems/1.8/gems/actionpack-2.3.5/lib/action_controller/dispatcher.rb:114:in `call'
/System/Library/Frameworks/Ruby.framework/Versions/1.8/usr/lib/ruby/gems/1.8/gems/actionpack-2.3.5/lib/action_controller/reloader.rb:34:in `run'
/System/Library/Frameworks/Ruby.framework/Versions/1.8/usr/lib/ruby/gems/1.8/gems/actionpack-2.3.5/lib/action_controller/dispatcher.rb:108:in `call'
/System/Library/Frameworks/Ruby.framework/Versions/1.8/usr/lib/ruby/gems/1.8/gems/rails-2.3.5/lib/rails/rack/static.rb:31:in `call'
/System/Library/Frameworks/Ruby.framework/Versions/1.8/usr/lib/ruby/gems/1.8/gems/rack-1.0.1/lib/rack/urlmap.rb:46:in `call'
/System/Library/Frameworks/Ruby.framework/Versions/1.8/usr/lib/ruby/gems/1.8/gems/rack-1.0.1/lib/rack/urlmap.rb:40:in `each'
/System/Library/Frameworks/Ruby.framework/Versions/1.8/usr/lib/ruby/gems/1.8/gems/rack-1.0.1/lib/rack/urlmap.rb:40:in `call'
/System/Library/Frameworks/Ruby.framework/Versions/1.8/usr/lib/ruby/gems/1.8/gems/rails-2.3.5/lib/rails/rack/log_tailer.rb:17:in `call'
/System/Library/Frameworks/Ruby.framework/Versions/1.8/usr/lib/ruby/gems/1.8/gems/rack-1.0.1/lib/rack/content_length.rb:13:in `call'
/System/Library/Frameworks/Ruby.framework/Versions/1.8/usr/lib/ruby/gems/1.8/gems/rack-1.0.1/lib/rack/chunked.rb:15:in `call'
/System/Library/Frameworks/Ruby.framework/Versions/1.8/usr/lib/ruby/gems/1.8/gems/rack-1.0.1/lib/rack/handler/mongrel.rb:64:in `process'
/System/Library/Frameworks/Ruby.framework/Versions/1.8/usr/lib/ruby/gems/1.8/gems/mongrel-1.1.5/lib/mongrel.rb:159:in `process_client'
/System/Library/Frameworks/Ruby.framework/Versions/1.8/usr/lib/ruby/gems/1.8/gems/mongrel-1.1.5/lib/mongrel.rb:158:in `each'
/System/Library/Frameworks/Ruby.framework/Versions/1.8/usr/lib/ruby/gems/1.8/gems/mongrel-1.1.5/lib/mongrel.rb:158:in `process_client'
/System/Library/Frameworks/Ruby.framework/Versions/1.8/usr/lib/ruby/gems/1.8/gems/mongrel-1.1.5/lib/mongrel.rb:285:in `run'
/System/Library/Frameworks/Ruby.framework/Versions/1.8/usr/lib/ruby/gems/1.8/gems/mongrel-1.1.5/lib/mongrel.rb:285:in `initialize'
/System/Library/Frameworks/Ruby.framework/Versions/1.8/usr/lib/ruby/gems/1.8/gems/mongrel-1.1.5/lib/mongrel.rb:285:in `new'
/System/Library/Frameworks/Ruby.framework/Versions/1.8/usr/lib/ruby/gems/1.8/gems/mongrel-1.1.5/lib/mongrel.rb:285:in `run'
/System/Library/Frameworks/Ruby.framework/Versions/1.8/usr/lib/ruby/gems/1.8/gems/mongrel-1.1.5/lib/mongrel.rb:268:in `initialize'
/System/Library/Frameworks/Ruby.framework/Versions/1.8/usr/lib/ruby/gems/1.8/gems/mongrel-1.1.5/lib/mongrel.rb:268:in `new'
/System/Library/Frameworks/Ruby.framework/Versions/1.8/usr/lib/ruby/gems/1.8/gems/mongrel-1.1.5/lib/mongrel.rb:268:in `run'
/System/Library/Frameworks/Ruby.framework/Versions/1.8/usr/lib/ruby/gems/1.8/gems/rack-1.0.1/lib/rack/handler/mongrel.rb:34:in `run'
/System/Library/Frameworks/Ruby.framework/Versions/1.8/usr/lib/ruby/gems/1.8/gems/rails-2.3.5/lib/commands/server.rb:111
/System/Library/Frameworks/Ruby.framework/Versions/1.8/usr/lib/ruby/1.8/rubygems/custom_require.rb:31:in `gem_original_require'
/System/Library/Frameworks/Ruby.framework/Versions/1.8/usr/lib/ruby/1.8/rubygems/custom_require.rb:31:in `require'
script/server:3

ActionView::TemplateError (compile error
/Users/Hunter/json/app/views/json/index.rhtml:2: syntax error, unexpected tIDENTIFIER, expecting kDO or '{' or '('
var json = new Object();
        ^
/Users/Hunter/json/app/views/json/index.rhtml:4: syntax error, unexpected '}', expecting kEND) on line #2 of app/views/json/index.rhtml:
1: <% {
2: var json = new Object();
3: json.ip = request.env['REMOTE_ADDR'] 
4: }
5: %>

    app/views/json/index.rhtml:9:in `compile!'

Rendered rescues/_trace (121.7ms)
Rendered rescues/_request_and_response (0.3ms)
Rendering rescues/layout (internal_server_error)


Processing ApplicationController#index (for 127.0.0.1 at 2011-01-07 21:10:01) [GET]

ActionController::RoutingError (No route matches "/favicon.ico" with {:method=>:get}):
  

Rendering rescues/layout (not_found)


Processing JsonController#index (for 127.0.0.1 at 2011-01-07 21:11:49) [GET]
Rendering json/index
Completed in 6ms (View: 4, DB: 0) | 200 OK [http://localhost/json]


Processing ApplicationController#index (for 127.0.0.1 at 2011-01-07 21:11:49) [GET]

ActionController::RoutingError (No route matches "/favicon.ico" with {:method=>:get}):
  

Rendering rescues/layout (not_found)


Processing JsonController#index (for 127.0.0.1 at 2011-01-07 21:12:57) [GET]
Rendering json/index
Completed in 6ms (View: 5, DB: 0) | 200 OK [http://localhost/json]


Processing ApplicationController#index (for 127.0.0.1 at 2011-01-07 21:12:58) [GET]

ActionController::RoutingError (No route matches "/favicon.ico" with {:method=>:get}):
  

Rendering rescues/layout (not_found)


Processing JsonController#index (for 127.0.0.1 at 2011-01-07 21:13:55) [GET]
Rendering json/index
Completed in 2ms (View: 1, DB: 0) | 200 OK [http://localhost/json]


Processing JsonController#index (for 127.0.0.1 at 2011-01-07 21:15:45) [GET]
Rendering json/index
Completed in 3ms (View: 2, DB: 0) | 200 OK [http://127.0.0.1/json]


Processing JsonController#index (for 192.168.1.110 at 2011-01-07 21:16:05) [GET]
Rendering json/index
Completed in 2ms (View: 1, DB: 0) | 200 OK [http://192.168.1.110/json]


Processing ApplicationController#index (for 127.0.0.1 at 2011-01-07 21:19:09) [GET]

ActionController::RoutingError (No route matches "/favicon.ico" with {:method=>:get}):
  

Rendering rescues/layout (not_found)
